<?xml version="1.0" encoding="UTF-8"?>
<!-- Generated by org.testng.reporters.JUnitReportReporter -->
<testsuite skipped="0" hostname="Sanjidas-MacBook-Pro.local" name="Tests.PracticeAnnotation" tests="1" failures="0" timestamp="04 Jan 2018 19:56:23 GMT" time="0.007" errors="0">
  <testcase name="aftermethod" time="0.007" classname="Tests.PracticeAnnotation"/>
</testsuite> <!-- Tests.PracticeAnnotation -->
