<?xml version="1.0" encoding="UTF-8"?>
<!-- Generated by org.testng.reporters.JUnitReportReporter -->
<testsuite skipped="0" hostname="Sanjidas-MacBook-Pro.local" name="frame_work3.framework3" tests="1" failures="0" timestamp="03 Jan 2018 03:32:20 GMT" time="0.011" errors="0">
  <testcase name="OpeningBrowser" time="0.011" classname="frame_work3.framework3"/>
</testsuite> <!-- frame_work3.framework3 -->
