<?xml version="1.0" encoding="UTF-8"?>
<!-- Generated by org.testng.reporters.JUnitReportReporter -->
<testsuite skipped="0" hostname="Sanjidas-MacBook-Pro.local" name="test1.Test2" tests="1" failures="0" timestamp="03 Jan 2018 06:56:27 GMT" time="0.047" errors="0">
  <testcase name="test3" time="0.047" classname="test1.Test2"/>
</testsuite> <!-- test1.Test2 -->
