<?xml version="1.0" encoding="UTF-8"?>
<!-- Generated by org.testng.reporters.JUnitReportReporter -->
<testsuite skipped="0" hostname="Sanjidas-MacBook-Pro.local" name="frame_work3.Annotation2" tests="1" failures="0" timestamp="03 Jan 2018 05:41:30 GMT" time="0.036" errors="0">
  <testcase name="testVerifyPage" time="0.036" classname="frame_work3.Annotation2"/>
</testsuite> <!-- frame_work3.Annotation2 -->
